<?xml version="1.0" encoding="UTF-8"?>
<!-- Generated by org.testng.reporters.JUnitReportReporter -->
<testsuite hostname="DESKTOP-E8U6502" failures="0" tests="4" name="test.HomepageAnnot2" time="0.034" errors="0" timestamp="2022-08-07T20:56:48 IST" skipped="0">
  <testcase classname="test.HomepageAnnot2" name="Test4" time="0.004"/>
  <system-out/>
  <testcase classname="test.HomepageAnnot2" name="Test1" time="0.004"/>
  <system-out/>
  <testcase classname="test.HomepageAnnot2" name="Test3" time="0.007"/>
  <system-out/>
  <testcase classname="test.HomepageAnnot2" name="Test2" time="0.019"/>
  <system-out/>
</testsuite> <!-- test.HomepageAnnot2 -->
