<?xml version="1.0" encoding="UTF-8"?>
<!-- Generated by org.testng.reporters.JUnitReportReporter -->
<testsuite hostname="DESKTOP-E8U6502" failures="0" tests="2" name="test2.CheckoutAnnot3" time="0.025" errors="0" timestamp="2022-08-07T20:36:41 IST" skipped="0">
  <testcase classname="test2.CheckoutAnnot3" name="test4" time="0.022"/>
  <system-out/>
  <testcase classname="test2.CheckoutAnnot3" name="test5" time="0.003"/>
  <system-out/>
</testsuite> <!-- test2.CheckoutAnnot3 -->
