<?xml version="1.0" encoding="UTF-8"?>
<!-- Generated by org.testng.reporters.JUnitReportReporter -->
<testsuite hostname="DESKTOP-E8U6502" failures="0" tests="4" name="test.AnnotationExample" time="0.031" errors="0" timestamp="2022-08-07T19:42:29 IST" skipped="0">
  <testcase classname="test.AnnotationExample" name="test2" time="0.015"/>
  <system-out/>
  <testcase classname="test.AnnotationExample" name="test1" time="0.003"/>
  <system-out/>
  <testcase classname="test.AnnotationExample" name="test6" time="0.006"/>
  <system-out/>
  <testcase classname="test.AnnotationExample" name="test7" time="0.007"/>
  <system-out/>
</testsuite> <!-- test.AnnotationExample -->
