<?xml version="1.0" encoding="UTF-8"?>
<!-- Generated by org.testng.reporters.JUnitReportReporter -->
<testsuite hostname="DESKTOP-E8U6502" failures="0" tests="1" name="test.HomepageTest" time="0.010" errors="0" timestamp="2022-08-06T22:05:12 IST" skipped="0">
  <testcase classname="test.HomepageTest" name="TestCase3" time="0.010"/>
  <system-out/>
</testsuite> <!-- test.HomepageTest -->
