<?xml version="1.0" encoding="UTF-8"?>
<!-- Generated by org.testng.reporters.JUnitReportReporter -->
<testsuite hostname="DESKTOP-E8U6502" failures="0" tests="1" name="apiChain.EndToEndTest1" time="5.495" errors="0" timestamp="24 Oct 2022 13:24:39 GMT" skipped="0">
  <testcase classname="apiChain.EndToEndTest1" name="test1" time="5.495"/>
</testsuite> <!-- apiChain.EndToEndTest1 -->
