<?xml version="1.0" encoding="UTF-8"?>
<!-- Generated by org.testng.reporters.JUnitReportReporter -->
<testsuite hostname="DESKTOP-E8U6502" failures="0" tests="1" name="apiChain.EndToEndTest" time="6.590" errors="0" timestamp="24 Oct 2022 13:58:46 GMT" skipped="0">
  <testcase classname="apiChain.EndToEndTest" name="test1" time="6.590"/>
</testsuite> <!-- apiChain.EndToEndTest -->
