<?xml version="1.0" encoding="UTF-8"?>
<!-- Generated by org.testng.reporters.JUnitReportReporter -->
<testsuite hostname="DESKTOP-E8U6502" failures="0" tests="1" name="testcases.SampleTest" time="0.014" errors="0" timestamp="2022-08-24T23:11:58 IST" skipped="0">
  <testcase classname="testcases.SampleTest" name="test1" time="0.014"/>
  <system-out/>
</testsuite> <!-- testcases.SampleTest -->
